<?xml version="1.0" encoding="UTF-8"?>
<testng-results ignored="0" total="10" passed="10" failed="0" skipped="0">
  <reporter-output>
  </reporter-output>
  <suite started-at="2024-03-09T17:01:05 IST" name="Suite" finished-at="2024-03-09T17:02:24 IST" duration-ms="78553">
    <groups>
      <group name="smoke Test one">
        <method signature="TestTravel.open_travel_insurance()[pri:1, instance:TestCase.TestTravel@223191a6]" name="open_travel_insurance" class="TestCase.TestTravel"/>
      </group> <!-- smoke Test one -->
      <group name="regression Test One">
        <method signature="TestTravel.Select_Duration()[pri:8, instance:TestCase.TestTravel@223191a6]" name="Select_Duration" class="TestCase.TestTravel"/>
        <method signature="TestTravel.drop_1()[pri:4, instance:TestCase.TestTravel@223191a6]" name="drop_1" class="TestCase.TestTravel"/>
        <method signature="TestTravel.enter_mob_no()[pri:6, instance:TestCase.TestTravel@223191a6]" name="enter_mob_no" class="TestCase.TestTravel"/>
        <method signature="TestTravel.print_First_Three_companies()[pri:10, instance:TestCase.TestTravel@223191a6]" name="print_First_Three_companies" class="TestCase.TestTravel"/>
        <method signature="TestTravel.select_destination()[pri:2, instance:TestCase.TestTravel@223191a6]" name="select_destination" class="TestCase.TestTravel"/>
        <method signature="TestTravel.select_student_plans()[pri:7, instance:TestCase.TestTravel@223191a6]" name="select_student_plans" class="TestCase.TestTravel"/>
        <method signature="TestTravel.press_no()[pri:5, instance:TestCase.TestTravel@223191a6]" name="press_no" class="TestCase.TestTravel"/>
        <method signature="TestTravel.select_Date()[pri:3, instance:TestCase.TestTravel@223191a6]" name="select_Date" class="TestCase.TestTravel"/>
      </group> <!-- regression Test One -->
    </groups>
    <test started-at="2024-03-09T17:01:05 IST" name="Test" finished-at="2024-03-09T17:02:24 IST" duration-ms="78553">
      <class name="TestCase.TestTravel">
        <test-method is-config="true" signature="beforeClass(java.lang.String,java.lang.String)[pri:0, instance:TestCase.TestTravel@223191a6]" started-at="2024-03-09T17:01:06 IST" name="beforeClass" finished-at="2024-03-09T17:01:39 IST" duration-ms="33121" status="PASS">
          <params>
            <param index="0">
              <value>
                <![CDATA[windows]]>
              </value>
            </param>
            <param index="1">
              <value>
                <![CDATA[edge]]>
              </value>
            </param>
          </params>
          <reporter-output>
          </reporter-output>
        </test-method> <!-- beforeClass -->
        <test-method signature="open_travel_insurance()[pri:1, instance:TestCase.TestTravel@223191a6]" started-at="2024-03-09T17:01:39 IST" name="open_travel_insurance" finished-at="2024-03-09T17:01:40 IST" duration-ms="913" status="PASS">
          <reporter-output>
          </reporter-output>
        </test-method> <!-- open_travel_insurance -->
        <test-method signature="select_destination()[pri:2, instance:TestCase.TestTravel@223191a6]" started-at="2024-03-09T17:01:41 IST" name="select_destination" depends-on-groups="smoke Test one" finished-at="2024-03-09T17:01:47 IST" duration-ms="5470" status="PASS">
          <reporter-output>
          </reporter-output>
        </test-method> <!-- select_destination -->
        <test-method signature="select_Date()[pri:3, instance:TestCase.TestTravel@223191a6]" started-at="2024-03-09T17:01:47 IST" name="select_Date" finished-at="2024-03-09T17:01:58 IST" duration-ms="10368" status="PASS">
          <reporter-output>
          </reporter-output>
        </test-method> <!-- select_Date -->
        <test-method signature="drop_1()[pri:4, instance:TestCase.TestTravel@223191a6]" started-at="2024-03-09T17:01:58 IST" name="drop_1" finished-at="2024-03-09T17:02:00 IST" duration-ms="1571" status="PASS">
          <reporter-output>
          </reporter-output>
        </test-method> <!-- drop_1 -->
        <test-method signature="press_no()[pri:5, instance:TestCase.TestTravel@223191a6]" started-at="2024-03-09T17:02:00 IST" name="press_no" finished-at="2024-03-09T17:02:01 IST" duration-ms="592" status="PASS">
          <reporter-output>
          </reporter-output>
        </test-method> <!-- press_no -->
        <test-method signature="enter_mob_no()[pri:6, instance:TestCase.TestTravel@223191a6]" started-at="2024-03-09T17:02:01 IST" name="enter_mob_no" finished-at="2024-03-09T17:02:02 IST" duration-ms="758" status="PASS">
          <reporter-output>
          </reporter-output>
        </test-method> <!-- enter_mob_no -->
        <test-method signature="select_student_plans()[pri:7, instance:TestCase.TestTravel@223191a6]" started-at="2024-03-09T17:02:02 IST" name="select_student_plans" finished-at="2024-03-09T17:02:04 IST" duration-ms="1982" status="PASS">
          <reporter-output>
          </reporter-output>
        </test-method> <!-- select_student_plans -->
        <test-method signature="Select_Duration()[pri:8, instance:TestCase.TestTravel@223191a6]" started-at="2024-03-09T17:02:06 IST" name="Select_Duration" finished-at="2024-03-09T17:02:08 IST" duration-ms="1834" status="PASS">
          <reporter-output>
          </reporter-output>
        </test-method> <!-- Select_Duration -->
        <test-method signature="print_First_Three_companies()[pri:10, instance:TestCase.TestTravel@223191a6]" started-at="2024-03-09T17:02:09 IST" name="print_First_Three_companies" finished-at="2024-03-09T17:02:14 IST" duration-ms="4686" status="PASS">
          <reporter-output>
          </reporter-output>
        </test-method> <!-- print_First_Three_companies -->
        <test-method signature="go_To_Home_Page()[pri:11, instance:TestCase.TestTravel@223191a6]" started-at="2024-03-09T17:02:14 IST" name="go_To_Home_Page" finished-at="2024-03-09T17:02:16 IST" duration-ms="1875" status="PASS">
          <reporter-output>
          </reporter-output>
        </test-method> <!-- go_To_Home_Page -->
        <test-method is-config="true" signature="afterClass()[pri:0, instance:TestCase.TestTravel@223191a6]" started-at="2024-03-09T17:02:17 IST" name="afterClass" finished-at="2024-03-09T17:02:24 IST" duration-ms="6870" status="PASS">
          <reporter-output>
          </reporter-output>
        </test-method> <!-- afterClass -->
      </class> <!-- TestCase.TestTravel -->
    </test> <!-- Test -->
  </suite> <!-- Suite -->
</testng-results>
